<?xml version="1.0" encoding="UTF-8"?>
<testng-results ignored="0" total="1" passed="1" failed="0" skipped="0">
  <reporter-output>
  </reporter-output>
  <suite started-at="2022-09-08T09:09:44 IST" name="Default suite" finished-at="2022-09-08T09:09:48 IST" duration-ms="3588">
    <groups>
    </groups>
    <test started-at="2022-09-08T09:09:44 IST" name="Default test" finished-at="2022-09-08T09:09:48 IST" duration-ms="3588">
      <class name="UsingFrameWorkImpliment.CreatAnObject">
        <test-method signature="creatpro()[pri:0, instance:UsingFrameWorkImpliment.CreatAnObject@5a45133e]" started-at="2022-09-08T09:09:44 IST" name="creatpro" finished-at="2022-09-08T09:09:48 IST" duration-ms="3503" status="PASS">
          <reporter-output>
          </reporter-output>
        </test-method> <!-- creatpro -->
      </class> <!-- UsingFrameWorkImpliment.CreatAnObject -->
    </test> <!-- Default test -->
  </suite> <!-- Default suite -->
</testng-results>
